
*** [16/11/2021 08:32:24] диагностический файл усечен из-за превышения макс.размера

*** [16/11/2021 08:32:24] опрос точки 330133 (16ТП-3) запущен ,порт COM29

*** точка опроса 330352 - след.опрос в "16/11/2021 08:32:24"

*** [16/11/2021 08:32:27] опрос точки 330134( 13ТП-3) завершился с кодом 1
		опрос 36058311 завершился успешно, всего неудач 0
		опрос 36058474 завершился успешно, всего неудач 0

*** точка опроса 330134 - след.опрос в "16/11/2021 09:00:10"

*** [16/11/2021 08:32:27] опрос точки 330351 (52РП-6) запущен ,порт COM27

*** [16/11/2021 08:32:28] опрос точки 261101( КС "Приозерная") завершился с кодом 1
		опрос 43 завершился успешно, всего неудач 0

*** точка опроса 261101 - след.опрос в "16/11/2021 09:00:10"

*** [16/11/2021 08:32:29] опрос точки 330137( 11ТП-3) завершился с кодом 1
		опрос 36058432 завершился успешно, всего неудач 0
		опрос 36058299 завершился успешно, всего неудач 0

*** [16/11/2021 08:32:29] опрос точки 357500( пос. Лонгъюган) завершился с кодом 1
		опрос 75 завершился успешно, всего неудач 0

*** точка опроса 330137 - след.опрос в "16/11/2021 09:00:10"

*** точка опроса 357500 - след.опрос в "16/11/2021 09:00:10"

*** [16/11/2021 08:32:29] опрос точки 330352 (51РП-6) запущен ,порт COM30

*** [16/11/2021 08:32:33] опрос точки 261501( КС "Правохеттинская") завершился с кодом 1
		опрос 46 завершился успешно, всего неудач 0

*** точка опроса 261501 - след.опрос в "16/11/2021 09:00:10"

*** [16/11/2021 08:32:35] опрос точки 3402071( ЗРУ-10 "Заполярная ПП" яч.42) завершился с кодом 1
		опрос 37400408 завершился с ошибками, всего неудач 2

*** [16/11/2021 08:32:35] опрос точки 330355 (ПАЭС ЗРУ-6кВ яч.17 - ЛПУ ГДУ) запущен ,порт COM31

*** точка опроса 3402071 - след.опрос в "16/11/2021 08:32:35"

*** [16/11/2021 08:32:36] опрос точки 190119( РП-25) завершился с кодом 1
		опрос 17 завершился успешно, всего неудач 0

*** [16/11/2021 08:32:36] опрос точки 262401( КС "Лонг-Юганская") завершился с кодом 1
		опрос 73 завершился успешно, всего неудач 0

*** точка опроса 190119 - след.опрос в "16/11/2021 09:00:10"

*** точка опроса 262401 - след.опрос в "16/11/2021 09:00:10"

*** [16/11/2021 08:32:40] опрос точки 261001( КС "Ягельная") завершился с кодом 1
		опрос 41 завершился с ошибками, всего неудач 1

*** точка опроса 261001 - след.опрос в "16/11/2021 08:32:40"

*** [16/11/2021 08:32:40] опрос точки 261001 (КС "Ягельная") запущен ,порт TCP

*** [16/11/2021 08:32:41] опрос точки 190109( УКПГ-7) завершился с кодом 1
		опрос 8 завершился успешно, всего неудач 0

*** точка опроса 190109 - след.опрос в "16/11/2021 09:00:10"

*** [16/11/2021 08:32:44] опрос точки 190112( УКПГ-10 (ОРЭМ-2 оч.)) завершился с кодом 1
		опрос 11 завершился успешно, всего неудач 0

*** точка опроса 190112 - след.опрос в "16/11/2021 09:00:10"

*** [16/11/2021 08:32:45] опрос точки 190106( УКПГ-5) завершился с кодом 1
		опрос 5 завершился успешно, всего неудач 0

*** [16/11/2021 08:32:45] опрос точки 190111( УКПГ-9 (ОРЭМ-2 оч.)) завершился с кодом 1
		опрос 10 завершился успешно, всего неудач 0

*** точка опроса 190106 - след.опрос в "16/11/2021 09:00:10"

*** точка опроса 190111 - след.опрос в "16/11/2021 09:00:10"

*** [16/11/2021 08:32:46] опрос точки 330133( 16ТП-3) завершился с кодом 1
		опрос 36058481 завершился с ошибками, всего неудач 2
		опрос 36058421 завершился с ошибками, всего неудач 2

*** точка опроса 330133 - след.опрос в "16/11/2021 08:32:46"

*** [16/11/2021 08:32:46] опрос точки 330133 (16ТП-3) запущен ,порт COM29

*** [16/11/2021 08:32:50] опрос точки 190101( УКПГ-1) завершился с кодом 1
		опрос 1 завершился успешно, всего неудач 0

*** точка опроса 190101 - след.опрос в "16/11/2021 09:00:10"

*** [16/11/2021 08:32:56] опрос точки 190104( УКПГ-3) завершился с кодом 1
		опрос 3 завершился успешно, всего неудач 0

*** точка опроса 190104 - след.опрос в "16/11/2021 09:00:10"

*** [16/11/2021 08:33:03] опрос точки 190107( УКПГ-5В (ОРЭМ-2 оч.)) завершился с кодом 1
		опрос 6 завершился успешно, всего неудач 0

*** точка опроса 190107 - след.опрос в "16/11/2021 09:00:10"

*** [16/11/2021 08:33:08] опрос точки 330133( 16ТП-3) завершился с кодом 1
		опрос 36058481 завершился с ошибками, всего неудач 3
		опрос 36058421 завершился с ошибками, всего неудач 3

*** точка опроса 330133 - след.опрос в "16/11/2021 09:00:10"

*** [16/11/2021 08:33:11] опрос точки 190110( УКПГ-8 (ОРЭМ-1 оч.)) завершился с кодом 1
		опрос 9 завершился успешно, всего неудач 0

*** точка опроса 190110 - след.опрос в "16/11/2021 09:00:10"

*** [16/11/2021 08:33:20] опрос точки 260804( КС "Ямбург-Тула") завершился с кодом 1
		опрос 23 завершился успешно, всего неудач 0

*** [16/11/2021 08:33:20] опрос точки 260801 (КС "Ямбург-Елец") запущен ,порт TCP

*** точка опроса 260804 - след.опрос в "16/11/2021 09:00:10"

*** [16/11/2021 08:33:25] опрос точки 190108( УКПГ-6 ПС "Буран" (ОРЭМ-2 оч.)) завершился с кодом 1
		опрос 7 завершился успешно, всего неудач 0

*** точка опроса 190108 - след.опрос в "16/11/2021 09:00:10"

*** [16/11/2021 08:33:44] опрос точки 330135( 15ТП-2) завершился с кодом 1
		опрос 36058305 завершился успешно, всего неудач 0
		опрос 36058397 завершился успешно, всего неудач 0

*** точка опроса 330135 - след.опрос в "16/11/2021 09:00:10"

*** [16/11/2021 08:33:46] опрос точки 190115( УКПГ-13 (ОРЭМ-2 оч.)) завершился с кодом 1
		опрос 15 завершился успешно, всего неудач 0

*** точка опроса 190115 - след.опрос в "16/11/2021 09:00:10"

*** [16/11/2021 08:33:50] опрос точки 330202( РП-7) завершился с кодом 1
		опрос 1112076 завершился успешно, всего неудач 0

*** точка опроса 330202 - след.опрос в "16/11/2021 14:01:10"

*** [16/11/2021 08:33:53] опрос точки 190103( УКПГ-2 (ОРЭМ-1 оч.)) завершился с кодом 1
		опрос 2 завершился успешно, всего неудач 0

*** точка опроса 190103 - след.опрос в "16/11/2021 09:00:10"

*** [16/11/2021 08:34:05] опрос точки 340207( УКПГ-2В RTU-327) завершился с кодом 1
		опрос 72 завершился успешно, всего неудач 0

*** точка опроса 340207 - след.опрос в "16/11/2021 09:00:10"

*** [16/11/2021 08:34:06] опрос точки 190113( УКПГ-11 ПС "Оленья" (ОРЭМ-1 оч.)) завершился с кодом 1
		опрос 13 завершился успешно, всего неудач 0

*** точка опроса 190113 - след.опрос в "16/11/2021 09:00:10"

*** [16/11/2021 08:34:09] опрос точки 190114( УКПГ-12 (ОРЭМ-2 оч.)) завершился с кодом 1
		опрос 14 завершился успешно, всего неудач 0

*** точка опроса 190114 - след.опрос в "16/11/2021 09:00:10"

*** [16/11/2021 08:34:25] опрос точки 190102( УКПГ-1А (ОРЭМ-1 оч.)) завершился с кодом 1
		опрос 18 завершился успешно, всего неудач 0

*** точка опроса 190102 - след.опрос в "16/11/2021 09:00:10"

*** [16/11/2021 08:34:26] опрос точки 190116( УКПГ-15 (ОРЭМ-2 оч.)) завершился с кодом 1
		опрос 16 завершился успешно, всего неудач 0

*** точка опроса 190116 - след.опрос в "16/11/2021 09:00:10"

*** [16/11/2021 08:34:35] опрос точки 330351( 52РП-6) завершился с кодом 1
		опрос 108 завершился с ошибками, всего неудач 3

*** точка опроса 330351 - след.опрос в "16/11/2021 09:00:10"

*** [16/11/2021 08:34:36] опрос точки 260805( ПС "Ямбург" 110/10/10 кВ.) завершился с кодом 1
		опрос 1199241 завершился успешно, всего неудач 0
		опрос 1199253 завершился успешно, всего неудач 0
		опрос 1199229 завершился успешно, всего неудач 0
		опрос 1199230 завершился успешно, всего неудач 0

*** [16/11/2021 08:34:36] опрос точки 330355( ПАЭС ЗРУ-6кВ яч.17 - ЛПУ ГДУ) завершился с кодом 1
		опрос 37400402 завершился успешно, всего неудач 0

*** [16/11/2021 08:34:36] опрос точки 330356 (ПАЭС ЗРУ-6кВ яч.22 - ЛПУ ГДУ) запущен ,порт COM31

*** точка опроса 260805 - след.опрос в "16/11/2021 09:00:10"

*** точка опроса 330355 - след.опрос в "16/11/2021 09:00:10"

*** [16/11/2021 08:34:51] опрос точки 261001( КС "Ягельная") завершился с кодом 1
		опрос 41 завершился с ошибками, всего неудач 2

*** точка опроса 261001 - след.опрос в "16/11/2021 08:34:51"

*** [16/11/2021 08:34:51] опрос точки 261001 (КС "Ягельная") запущен ,порт TCP

*** [16/11/2021 08:35:35] опрос точки 330352( 51РП-6) завершился с кодом 1
		опрос 109 завершился успешно, всего неудач 0

*** точка опроса 330352 - след.опрос в "16/11/2021 09:00:10"

*** [16/11/2021 08:36:19] опрос точки 330356( ПАЭС ЗРУ-6кВ яч.22 - ЛПУ ГДУ) завершился с кодом 1
		опрос 27373045 завершился успешно, всего неудач 0

*** [16/11/2021 08:36:19] опрос точки 3402071 (ЗРУ-10 "Заполярная ПП" яч.42) запущен ,порт COM31

*** точка опроса 330356 - след.опрос в "16/11/2021 09:00:10"

*** [16/11/2021 08:36:31] опрос точки 260801( КС "Ямбург-Елец") завершился с кодом 1
		опрос 36 завершился успешно, всего неудач 0

*** точка опроса 260801 - след.опрос в "16/11/2021 09:03:20"

*** [16/11/2021 08:37:08] опрос точки 261001( КС "Ягельная") завершился с кодом 1
		опрос 41 завершился с ошибками, всего неудач 3

*** точка опроса 261001 - след.опрос в "16/11/2021 09:00:10"

*** [16/11/2021 08:38:29] опрос точки 3402071( ЗРУ-10 "Заполярная ПП" яч.42) завершился с кодом 1
		опрос 37400408 завершился успешно, всего неудач 0

*** точка опроса 3402071 - след.опрос в "16/11/2021 14:01:10"

*** [16/11/2021 09:00:10] опрос точки 340115 (УТЖУ_48.7) запущен ,порт COM26

*** [16/11/2021 09:00:10] опрос точки 340116 (УТЖУ_48.2) запущен ,порт COM27

*** [16/11/2021 09:00:11] опрос точки 71 (ООО НОРДТЕЛ) запущен ,порт COM28

*** [16/11/2021 09:00:11] опрос точки 13 (КТП-33 УТТ и СТ) запущен ,порт COM33

*** [16/11/2021 09:00:11] опрос точки 9 (КТП-1 ВЖП В-2) запущен ,порт COM34

*** [16/11/2021 09:00:11] опрос точки 190101 (УКПГ-1) запущен ,порт TCP

*** [16/11/2021 09:00:11] опрос точки 190102 (УКПГ-1А (ОРЭМ-1 оч.)) запущен ,порт TCP

*** [16/11/2021 09:00:11] опрос точки 190103 (УКПГ-2 (ОРЭМ-1 оч.)) запущен ,порт TCP

*** [16/11/2021 09:00:11] опрос точки 190104 (УКПГ-3) запущен ,порт TCP

*** [16/11/2021 09:00:11] опрос точки 190105 (УКПГ-4) запущен ,порт TCP

*** [16/11/2021 09:00:11] опрос точки 190106 (УКПГ-5) запущен ,порт TCP

*** [16/11/2021 09:00:11] опрос точки 190107 (УКПГ-5В (ОРЭМ-2 оч.)) запущен ,порт TCP

*** [16/11/2021 09:00:11] опрос точки 190108 (УКПГ-6 ПС "Буран" (ОРЭМ-2 оч.)) запущен ,порт TCP

*** [16/11/2021 09:00:11] опрос точки 190109 (УКПГ-7) запущен ,порт TCP

*** [16/11/2021 09:00:11] опрос точки 190110 (УКПГ-8 (ОРЭМ-1 оч.)) запущен ,порт TCP

*** [16/11/2021 09:00:11] опрос точки 190111 (УКПГ-9 (ОРЭМ-2 оч.)) запущен ,порт TCP

*** [16/11/2021 09:00:11] опрос точки 190112 (УКПГ-10 (ОРЭМ-2 оч.)) запущен ,порт TCP

*** [16/11/2021 09:00:11] опрос точки 190113 (УКПГ-11 ПС "Оленья" (ОРЭМ-1 оч.)) запущен ,порт TCP

*** [16/11/2021 09:00:11] опрос точки 190114 (УКПГ-12 (ОРЭМ-2 оч.)) запущен ,порт TCP

*** [16/11/2021 09:00:11] опрос точки 190115 (УКПГ-13 (ОРЭМ-2 оч.)) запущен ,порт TCP

*** [16/11/2021 09:00:11] опрос точки 190116 (УКПГ-15 (ОРЭМ-2 оч.)) запущен ,порт TCP

*** [16/11/2021 09:00:11] опрос точки 190118 (Таб-Яха) запущен ,порт TCP

*** [16/11/2021 09:00:11] опрос точки 190119 (РП-25) запущен ,порт TCP

*** [16/11/2021 09:00:11] опрос точки 190120 (ПС "Песцовая" КРУН (ОРЭМ-2 оч.)) запущен ,порт TCP

*** [16/11/2021 09:00:11] опрос точки 260804 (КС "Ямбург-Тула") запущен ,порт TCP

*** [16/11/2021 09:00:11] опрос точки 260901 (КС "Пангодинская") запущен ,порт TCP

*** [16/11/2021 09:00:11] опрос точки 261101 (КС "Приозерная") запущен ,порт TCP

*** [16/11/2021 09:00:11] опрос точки 261401 (КС "Ныдинская") запущен ,порт TCP

*** [16/11/2021 09:00:11] опрос точки 261501 (КС "Правохеттинская") запущен ,порт TCP

*** [16/11/2021 09:00:11] опрос точки 261701 (КС "Надымская" КРУН "ЯРГЕО") запущен ,порт TCP

*** [16/11/2021 09:00:11] опрос точки 262401 (КС "Лонг-Юганская") запущен ,порт TCP

*** [16/11/2021 09:00:11] опрос точки 290200 (ЧНГКМ) запущен ,порт TCP

*** [16/11/2021 09:00:11] опрос точки 330134 (13ТП-3) запущен ,порт COM29

*** [16/11/2021 09:00:11] опрос точки 330136 (12ТП-3) запущен ,порт COM30

*** [16/11/2021 09:00:11] опрос точки 340207 (УКПГ-2В RTU-327) запущен ,порт TCP

*** [16/11/2021 09:00:11] опрос точки 357000 (пос. Заполярный) запущен ,порт TCP

*** [16/11/2021 09:00:12] опрос точки 357500 (пос. Лонгъюган) запущен ,порт TCP

*** [16/11/2021 09:00:12] опрос точки 330357 (АУП (блок Б) Железнодорожная 8 от ТП-5А) запущен ,порт COM31

*** [16/11/2021 09:00:12] опрос точки 261001 (КС "Ягельная") запущен ,порт TCP

*** [16/11/2021 09:00:28] опрос точки 261701( КС "Надымская" КРУН "ЯРГЕО") завершился с кодом 1
		опрос 44 завершился успешно, всего неудач 0

*** точка опроса 261701 - след.опрос в "16/11/2021 09:30:10"

*** [16/11/2021 09:00:44] опрос точки 290200( ЧНГКМ) завершился с кодом 1
		опрос 76 завершился успешно, всего неудач 0

*** точка опроса 290200 - след.опрос в "16/11/2021 09:30:10"

*** [16/11/2021 09:00:50] опрос точки 260901( КС "Пангодинская") завершился с кодом 1
		опрос 42 завершился успешно, всего неудач 0

*** точка опроса 260901 - след.опрос в "16/11/2021 09:30:10"

*** [16/11/2021 09:01:12] опрос точки 340116( УТЖУ_48.2) завершился с кодом 1
		опрос 21756874 завершился с ошибками, всего неудач 1

*** [16/11/2021 09:01:12] опрос точки 330108 (30РП-6 ПС-ЯГП-3В) запущен ,порт COM27

*** точка опроса 340116 - след.опрос в "16/11/2021 09:01:12"

*** [16/11/2021 09:01:17] опрос точки 190120( ПС "Песцовая" КРУН (ОРЭМ-2 оч.)) завершился с кодом 1
		опрос 19 завершился успешно, всего неудач 0

*** точка опроса 190120 - след.опрос в "16/11/2021 09:30:10"

*** [16/11/2021 09:01:19] опрос точки 71( ООО НОРДТЕЛ) завершился с кодом 1
		опрос 45031851 завершился успешно, всего неудач 0

*** [16/11/2021 09:01:19] опрос точки 330111 (16РП-6 ПС-ЯГП-6) запущен ,порт COM28

*** точка опроса 71 - след.опрос в "16/11/2021 10:00:10"

*** [16/11/2021 09:01:38] опрос точки 357000( пос. Заполярный) завершился с кодом 1
		опрос 74 завершился успешно, всего неудач 0

*** точка опроса 357000 - след.опрос в "16/11/2021 09:30:10"

*** [16/11/2021 09:01:44] опрос точки 261401( КС "Ныдинская") завершился с кодом 1
		опрос 45 завершился успешно, всего неудач 0

*** точка опроса 261401 - след.опрос в "16/11/2021 09:30:10"

*** [16/11/2021 09:01:49] опрос точки 9( КТП-1 ВЖП В-2) завершился с кодом 1
		опрос 808102944 завершился с ошибками, всего неудач 1

*** [16/11/2021 09:01:49] опрос точки 10 (КТПН ЯРЭУ ПРС 41 км) запущен ,порт COM34

*** точка опроса 9 - след.опрос в "16/11/2021 09:01:49"

*** [16/11/2021 09:01:55] опрос точки 13( КТП-33 УТТ и СТ) завершился с кодом 1
		опрос 808102916 завершился успешно, всего неудач 0

*** [16/11/2021 09:01:55] опрос точки 8 (КТП-1 ВЖП В-1) запущен ,порт COM33

*** точка опроса 13 - след.опрос в "16/11/2021 10:00:10"

*** [16/11/2021 09:01:56] опрос точки 190118( Таб-Яха) завершился с кодом 1
		опрос 12 завершился успешно, всего неудач 0

*** точка опроса 190118 - след.опрос в "16/11/2021 09:30:10"

*** [16/11/2021 09:01:57] опрос точки 330357( АУП (блок Б) Железнодорожная 8 от ТП-5А) завершился с кодом 1
		опрос 36058382 завершился успешно, всего неудач 0

*** [16/11/2021 09:01:57] опрос точки 330355 (ПАЭС ЗРУ-6кВ яч.17 - ЛПУ ГДУ) запущен ,порт COM31

*** точка опроса 330357 - след.опрос в "16/11/2021 09:30:10"

*** [16/11/2021 09:02:15] опрос точки 340115( УТЖУ_48.7) завершился с кодом 1
		опрос 21756842 завершился успешно, всего неудач 0

*** [16/11/2021 09:02:16] опрос точки 330100 (30РП-6 ОПУ) запущен ,порт COM26

*** точка опроса 340115 - след.опрос в "16/11/2021 12:00:10"

*** [16/11/2021 09:02:24] опрос точки 190105( УКПГ-4) завершился с кодом 1
		опрос 4 завершился успешно, всего неудач 0

*** точка опроса 190105 - след.опрос в "16/11/2021 09:30:10"

*** [16/11/2021 09:02:29] опрос точки 357500( пос. Лонгъюган) завершился с кодом 1
		опрос 75 завершился успешно, всего неудач 0

*** точка опроса 357500 - след.опрос в "16/11/2021 09:30:10"

*** [16/11/2021 09:02:30] опрос точки 330136( 12ТП-3) завершился с кодом 1
		опрос 36058329 завершился успешно, всего неудач 0
		опрос 36058291 завершился успешно, всего неудач 0

*** [16/11/2021 09:02:30] опрос точки 330113 (13РП-6 ПС-ЯГП-3) запущен ,порт COM30

*** точка опроса 330136 - след.опрос в "16/11/2021 09:30:10"

*** [16/11/2021 09:02:31] опрос точки 330134( 13ТП-3) завершился с кодом 1
		опрос 36058311 завершился успешно, всего неудач 0
		опрос 36058474 завершился успешно, всего неудач 0

*** [16/11/2021 09:02:31] опрос точки 330107 (12РП-6 ПС-ЯГП-2) запущен ,порт COM29

*** точка опроса 330134 - след.опрос в "16/11/2021 09:30:10"

*** [16/11/2021 09:02:33] опрос точки 261501( КС "Правохеттинская") завершился с кодом 1
		опрос 46 завершился успешно, всего неудач 0

*** точка опроса 261501 - след.опрос в "16/11/2021 09:30:10"

*** [16/11/2021 09:02:34] опрос точки 190119( РП-25) завершился с кодом 1
		опрос 17 завершился успешно, всего неудач 0

*** точка опроса 190119 - след.опрос в "16/11/2021 09:30:10"

*** [16/11/2021 09:02:38] опрос точки 190106( УКПГ-5) завершился с кодом 1
		опрос 5 завершился успешно, всего неудач 0

*** точка опроса 190106 - след.опрос в "16/11/2021 09:30:10"

*** [16/11/2021 09:02:43] опрос точки 190109( УКПГ-7) завершился с кодом 1
		опрос 8 завершился успешно, всего неудач 0

*** [16/11/2021 09:02:43] опрос точки 190112( УКПГ-10 (ОРЭМ-2 оч.)) завершился с кодом 1
		опрос 11 завершился успешно, всего неудач 0

*** точка опроса 190109 - след.опрос в "16/11/2021 09:30:10"

*** точка опроса 190112 - след.опрос в "16/11/2021 09:30:10"

*** [16/11/2021 09:02:50] опрос точки 190111( УКПГ-9 (ОРЭМ-2 оч.)) завершился с кодом 1
		опрос 10 завершился успешно, всего неудач 0

*** точка опроса 190111 - след.опрос в "16/11/2021 09:30:10"

*** [16/11/2021 09:02:51] опрос точки 190101( УКПГ-1) завершился с кодом 1
		опрос 1 завершился успешно, всего неудач 0

*** точка опроса 190101 - след.опрос в "16/11/2021 09:30:10"

*** [16/11/2021 09:02:57] опрос точки 190104( УКПГ-3) завершился с кодом 1
		опрос 3 завершился успешно, всего неудач 0

*** точка опроса 190104 - след.опрос в "16/11/2021 09:30:10"

*** [16/11/2021 09:03:10] опрос точки 190107( УКПГ-5В (ОРЭМ-2 оч.)) завершился с кодом 1
		опрос 6 завершился успешно, всего неудач 0

*** точка опроса 190107 - след.опрос в "16/11/2021 09:30:10"

*** [16/11/2021 09:03:11] опрос точки 10( КТПН ЯРЭУ ПРС 41 км) завершился с кодом 1
		опрос 809100028 завершился успешно, всего неудач 0

*** [16/11/2021 09:03:11] опрос точки 260805 (ПС "Ямбург" 110/10/10 кВ.) запущен ,порт COM34

*** точка опроса 10 - след.опрос в "16/11/2021 10:00:10"

*** [16/11/2021 09:03:12] опрос точки 190110( УКПГ-8 (ОРЭМ-1 оч.)) завершился с кодом 1
		опрос 9 завершился успешно, всего неудач 0

*** точка опроса 190110 - след.опрос в "16/11/2021 09:30:10"

*** [16/11/2021 09:03:20] опрос точки 260801 (КС "Ямбург-Елец") запущен ,порт TCP

*** [16/11/2021 09:03:25] опрос точки 260804( КС "Ямбург-Тула") завершился с кодом 1
		опрос 23 завершился успешно, всего неудач 0

*** точка опроса 260804 - след.опрос в "16/11/2021 09:30:10"

*** [16/11/2021 09:03:26] опрос точки 190108( УКПГ-6 ПС "Буран" (ОРЭМ-2 оч.)) завершился с кодом 1
		опрос 7 завершился успешно, всего неудач 0

*** точка опроса 190108 - след.опрос в "16/11/2021 09:30:10"

*** [16/11/2021 09:03:31] опрос точки 8( КТП-1 ВЖП В-1) завершился с кодом 1
		опрос 808100260 завершился успешно, всего неудач 0

*** [16/11/2021 09:03:31] опрос точки 9 (КТП-1 ВЖП В-2) запущен ,порт COM33

*** точка опроса 8 - след.опрос в "16/11/2021 10:00:10"

*** [16/11/2021 09:03:33] опрос точки 330355( ПАЭС ЗРУ-6кВ яч.17 - ЛПУ ГДУ) завершился с кодом 1
		опрос 37400402 завершился успешно, всего неудач 0

*** [16/11/2021 09:03:33] опрос точки 330356 (ПАЭС ЗРУ-6кВ яч.22 - ЛПУ ГДУ) запущен ,порт COM31

*** точка опроса 330355 - след.опрос в "16/11/2021 09:30:10"

*** [16/11/2021 09:03:46] опрос точки 190115( УКПГ-13 (ОРЭМ-2 оч.)) завершился с кодом 1
		опрос 15 завершился успешно, всего неудач 0

*** точка опроса 190115 - след.опрос в "16/11/2021 09:30:10"

*** [16/11/2021 09:03:58] опрос точки 190103( УКПГ-2 (ОРЭМ-1 оч.)) завершился с кодом 1
		опрос 2 завершился успешно, всего неудач 0

*** точка опроса 190103 - след.опрос в "16/11/2021 09:30:10"

*** [16/11/2021 09:04:02] опрос точки 190113( УКПГ-11 ПС "Оленья" (ОРЭМ-1 оч.)) завершился с кодом 1
		опрос 13 завершился успешно, всего неудач 0

*** точка опроса 190113 - след.опрос в "16/11/2021 09:30:10"

*** [16/11/2021 09:04:04] опрос точки 262401( КС "Лонг-Юганская") завершился с кодом 1
		опрос 73 завершился успешно, всего неудач 0

*** точка опроса 262401 - след.опрос в "16/11/2021 09:30:10"

*** [16/11/2021 09:04:09] опрос точки 340207( УКПГ-2В RTU-327) завершился с кодом 1
		опрос 72 завершился успешно, всего неудач 0

*** точка опроса 340207 - след.опрос в "16/11/2021 09:30:10"

*** [16/11/2021 09:04:10] опрос точки 190114( УКПГ-12 (ОРЭМ-2 оч.)) завершился с кодом 1
		опрос 14 завершился успешно, всего неудач 0

*** точка опроса 190114 - след.опрос в "16/11/2021 09:30:10"

*** [16/11/2021 09:04:11] опрос точки 260805( ПС "Ямбург" 110/10/10 кВ.) завершился с кодом 1
		опрос 1199241 завершился с ошибками, всего неудач 1
		опрос 1199253 завершился с ошибками, всего неудач 1
		опрос 1199229 завершился с ошибками, всего неудач 1
		опрос 1199230 завершился с ошибками, всего неудач 1

*** [16/11/2021 09:04:11] опрос точки 261101( КС "Приозерная") завершился с кодом 1
		опрос 43 завершился успешно, всего неудач 0

*** точка опроса 261101 - след.опрос в "16/11/2021 09:30:10"

*** точка опроса 260805 - след.опрос в "16/11/2021 09:04:11"

*** [16/11/2021 09:04:11] опрос точки 260805 (ПС "Ямбург" 110/10/10 кВ.) запущен ,порт COM34

*** [16/11/2021 09:04:19] опрос точки 190102( УКПГ-1А (ОРЭМ-1 оч.)) завершился с кодом 1
		опрос 18 завершился успешно, всего неудач 0

*** точка опроса 190102 - след.опрос в "16/11/2021 09:30:10"

*** [16/11/2021 09:04:24] опрос точки 190116( УКПГ-15 (ОРЭМ-2 оч.)) завершился с кодом 1
		опрос 16 завершился успешно, всего неудач 0

*** точка опроса 190116 - след.опрос в "16/11/2021 09:30:10"

*** [16/11/2021 09:04:39] опрос точки 261001( КС "Ягельная") завершился с кодом 1
		опрос 41 завершился с ошибками, всего неудач 1

*** точка опроса 261001 - след.опрос в "16/11/2021 09:04:39"

*** [16/11/2021 09:04:39] опрос точки 261001 (КС "Ягельная") запущен ,порт TCP

*** [16/11/2021 09:04:51] опрос точки 330100( 30РП-6 ОПУ) завершился с кодом 1
		опрос 16938056 завершился успешно, всего неудач 0
		опрос 16948243 завершился успешно, всего неудач 0

*** [16/11/2021 09:04:51] опрос точки 330117 (ЯГП-2В ПС-110/6) запущен ,порт COM26

*** точка опроса 330100 - след.опрос в "16/11/2021 15:01:10"

*** [16/11/2021 09:05:04] опрос точки 9( КТП-1 ВЖП В-2) завершился с кодом 1
		опрос 808102944 завершился успешно, всего неудач 0

*** точка опроса 9 - след.опрос в "16/11/2021 10:00:10"

*** [16/11/2021 09:05:10] опрос точки 260805( ПС "Ямбург" 110/10/10 кВ.) завершился с кодом 1
		опрос 1199241 завершился с ошибками, всего неудач 2
		опрос 1199253 завершился с ошибками, всего неудач 2
		опрос 1199229 завершился с ошибками, всего неудач 2
		опрос 1199230 завершился с ошибками, всего неудач 2

*** точка опроса 260805 - след.опрос в "16/11/2021 09:05:10"

*** [16/11/2021 09:05:10] опрос точки 260805 (ПС "Ямбург" 110/10/10 кВ.) запущен ,порт COM33

*** [16/11/2021 09:05:14] опрос точки 330356( ПАЭС ЗРУ-6кВ яч.22 - ЛПУ ГДУ) завершился с кодом 1
		опрос 27373045 завершился успешно, всего неудач 0

*** точка опроса 330356 - след.опрос в "16/11/2021 09:30:10"

*** [16/11/2021 09:06:24] опрос точки 260805( ПС "Ямбург" 110/10/10 кВ.) завершился с кодом 1
		опрос 1199241 завершился с ошибками, всего неудач 3
		опрос 1199253 завершился с ошибками, всего неудач 3
		опрос 1199229 завершился с ошибками, всего неудач 3
		опрос 1199230 завершился с ошибками, всего неудач 3

*** точка опроса 260805 - след.опрос в "16/11/2021 09:30:10"

*** [16/11/2021 09:06:33] опрос точки 260801( КС "Ямбург-Елец") завершился с кодом 1
		опрос 36 завершился успешно, всего неудач 0

*** точка опроса 260801 - след.опрос в "16/11/2021 09:33:20"

*** [16/11/2021 09:07:12] опрос точки 330108( 30РП-6 ПС-ЯГП-3В) завершился с кодом 1
		опрос 805090546 завершился успешно, всего неудач 0
		опрос 805091443 завершился успешно, всего неудач 0
		опрос 5319841 завершился успешно, всего неудач 0
		опрос 5319105 завершился успешно, всего неудач 0
		опрос 16948230 завершился успешно, всего неудач 0
		опрос 16947120 завершился с ошибками, всего неудач 1

*** [16/11/2021 09:07:12] опрос точки 330106 (11РП-6 ПС-ЯГП-1) запущен ,порт COM27

*** точка опроса 330108 - след.опрос в "16/11/2021 09:07:12"

*** [16/11/2021 09:07:26] опрос точки 261001( КС "Ягельная") завершился с кодом 1
		опрос 41 завершился с ошибками, всего неудач 2

*** точка опроса 261001 - след.опрос в "16/11/2021 09:07:26"

*** [16/11/2021 09:07:26] опрос точки 261001 (КС "Ягельная") запущен ,порт TCP

*** [16/11/2021 09:08:29] опрос точки 330117( ЯГП-2В ПС-110/6) завершился с кодом 1
		опрос 16942848 завершился успешно, всего неудач 0
		опрос 805090368 завершился успешно, всего неудач 0
		опрос 811100230 завершился успешно, всего неудач 0

*** [16/11/2021 09:08:29] опрос точки 330110 (17РП-6 ПС-ЯГП-7) запущен ,порт COM26

*** точка опроса 330117 - след.опрос в "16/11/2021 15:01:10"

*** [16/11/2021 09:09:41] опрос точки 261001( КС "Ягельная") завершился с кодом 1
		опрос 41 завершился с ошибками, всего неудач 3

*** точка опроса 261001 - след.опрос в "16/11/2021 09:30:10"

*** [16/11/2021 09:11:01] опрос точки 330111( 16РП-6 ПС-ЯГП-6) завершился с кодом 1
		опрос 805090529 завершился успешно, всего неудач 0
		опрос 805090432 завершился успешно, всего неудач 0
		опрос 807080275 завершился успешно, всего неудач 0
		опрос 811100308 завершился успешно, всего неудач 0
		опрос 811100205 завершился успешно, всего неудач 0
		опрос 805090665 завершился успешно, всего неудач 0
		опрос 805090508 завершился успешно, всего неудач 0
		опрос 811100245 завершился успешно, всего неудач 0
		опрос 811100286 завершился успешно, всего неудач 0
		опрос 811101764 завершился успешно, всего неудач 0
		опрос 16948893 завершился успешно, всего неудач 0
		опрос 16948434 завершился успешно, всего неудач 0

*** [16/11/2021 09:11:01] опрос точки 330112 (14РП-6 (ЯГП-4)) запущен ,порт COM28

*** точка опроса 330111 - след.опрос в "16/11/2021 15:01:10"

*** [16/11/2021 09:18:29] опрос точки 330107( 12РП-6 ПС-ЯГП-2) завершился с кодом 1
		опрос 4484889 завершился успешно, всего неудач 0
		опрос 4484891 завершился успешно, всего неудач 0
		опрос 4484892 завершился успешно, всего неудач 0
		опрос 4491304 завершился успешно, всего неудач 0
		опрос 4491514 завершился успешно, всего неудач 0
		опрос 4484872 завершился успешно, всего неудач 0
		опрос 4476577 завершился успешно, всего неудач 0
		опрос 4491471 завершился успешно, всего неудач 0
		опрос 4491512 завершился успешно, всего неудач 0
		опрос 805090460 завершился успешно, всего неудач 0
		опрос 805090512 завершился успешно, всего неудач 0
		опрос 805090528 завершился успешно, всего неудач 0
		опрос 805091373 завершился успешно, всего неудач 0
		опрос 810101691 завершился успешно, всего неудач 0
		опрос 16942473 завершился успешно, всего неудач 0

*** [16/11/2021 09:18:29] опрос точки 330137 (11ТП-3) запущен ,порт COM29

*** точка опроса 330107 - след.опрос в "16/11/2021 15:01:10"

*** [16/11/2021 09:20:45] опрос точки 330137( 11ТП-3) завершился с кодом 1
		опрос 36058432 завершился успешно, всего неудач 0
		опрос 36058299 завершился успешно, всего неудач 0

*** [16/11/2021 09:20:45] опрос точки 330135 (15ТП-2) запущен ,порт COM29

*** точка опроса 330137 - след.опрос в "16/11/2021 09:30:10"

*** [16/11/2021 09:20:49] опрос точки 330113( 13РП-6 ПС-ЯГП-3) завершился с кодом 1
		опрос 6262923 завершился успешно, всего неудач 0
		опрос 6262789 завершился успешно, всего неудач 0
		опрос 6262652 завершился успешно, всего неудач 0
		опрос 6262454 завершился успешно, всего неудач 0
		опрос 6262928 завершился успешно, всего неудач 0
		опрос 6262483 завершился успешно, всего неудач 0
		опрос 6262907 завершился успешно, всего неудач 0
		опрос 818173412 завершился успешно, всего неудач 0
		опрос 6262471 завершился успешно, всего неудач 0
		опрос 811081219 завершился успешно, всего неудач 0
		опрос 6262922 завершился успешно, всего неудач 0
		опрос 811100364 завершился успешно, всего неудач 0
		опрос 811080529 завершился успешно, всего неудач 0
		опрос 805090536 завершился успешно, всего неудач 0
		опрос 807080443 завершился успешно, всего неудач 0
		опрос 811080298 завершился успешно, всего неудач 0
		опрос 16942849 завершился успешно, всего неудач 0
		опрос 24380038 завершился успешно, всего неудач 0

*** [16/11/2021 09:20:49] опрос точки 330351 (52РП-6) запущен ,порт COM30

*** точка опроса 330113 - след.опрос в "16/11/2021 15:01:10"

*** [16/11/2021 09:21:04] опрос точки 330112( 14РП-6 (ЯГП-4)) завершился с кодом 1
		опрос 6262756 завершился успешно, всего неудач 0
		опрос 6262593 завершился с ошибками, всего неудач 1
		опрос 805091415 завершился успешно, всего неудач 0
		опрос 805090449 завершился успешно, всего неудач 0
		опрос 805091079 завершился успешно, всего неудач 0
		опрос 805090400 завершился успешно, всего неудач 0
		опрос 805091380 завершился успешно, всего неудач 0
		опрос 811102816 завершился успешно, всего неудач 0
		опрос 805090494 завершился успешно, всего неудач 0
		опрос 6262767 завершился с ошибками, всего неудач 1
		опрос 805090509 завершился с ошибками, всего неудач 1
		опрос 805090436 завершился с ошибками, всего неудач 1
		опрос 16947054 завершился с ошибками, всего неудач 1
		опрос 16946658 завершился с ошибками, всего неудач 1

*** [16/11/2021 09:21:04] опрос точки 330352 (51РП-6) запущен ,порт COM28

*** точка опроса 330112 - след.опрос в "16/11/2021 09:21:04"

*** [16/11/2021 09:23:03] опрос точки 330135( 15ТП-2) завершился с кодом 1
		опрос 36058305 завершился успешно, всего неудач 0
		опрос 36058397 завершился успешно, всего неудач 0

*** [16/11/2021 09:23:03] опрос точки 330133 (16ТП-3) запущен ,порт COM29

*** точка опроса 330135 - след.опрос в "16/11/2021 09:30:10"

*** [16/11/2021 09:23:19] опрос точки 330352( 51РП-6) завершился с кодом 1
		опрос 109 завершился успешно, всего неудач 0

*** [16/11/2021 09:23:19] опрос точки 340116 (УТЖУ_48.2) запущен ,порт COM28

*** точка опроса 330352 - след.опрос в "16/11/2021 09:30:10"

*** [16/11/2021 09:24:09] опрос точки 330351( 52РП-6) завершился с кодом 1
		опрос 108 завершился успешно, всего неудач 0

*** [16/11/2021 09:24:09] опрос точки 330108 (30РП-6 ПС-ЯГП-3В) запущен ,порт COM30

*** точка опроса 330351 - след.опрос в "16/11/2021 09:30:10"

*** [16/11/2021 09:24:19] опрос точки 340116( УТЖУ_48.2) завершился с кодом 1
		опрос 21756874 завершился с ошибками, всего неудач 2

*** [16/11/2021 09:24:19] опрос точки 330112 (14РП-6 (ЯГП-4)) запущен ,порт COM28

*** точка опроса 340116 - след.опрос в "16/11/2021 09:24:19"

*** [16/11/2021 09:25:32] опрос точки 330108( 30РП-6 ПС-ЯГП-3В) завершился с кодом 1
		опрос 16947120 завершился успешно, всего неудач 0

*** [16/11/2021 09:25:32] опрос точки 340116 (УТЖУ_48.2) запущен ,порт COM30

*** точка опроса 330108 - след.опрос в "16/11/2021 15:01:10"

*** [16/11/2021 09:25:50] опрос точки 330133( 16ТП-3) завершился с кодом 1
		опрос 36058481 завершился с ошибками, всего неудач 1
		опрос 36058421 завершился успешно, всего неудач 0

*** точка опроса 330133 - след.опрос в "16/11/2021 09:25:50"

*** [16/11/2021 09:25:50] опрос точки 330133 (16ТП-3) запущен ,порт COM29

*** [16/11/2021 09:26:23] опрос точки 340116( УТЖУ_48.2) завершился с кодом 1
		опрос 21756874 завершился с ошибками, всего неудач 3

*** точка опроса 340116 - след.опрос в "16/11/2021 09:26:23"

*** [16/11/2021 09:26:23] опрос точки 340116 (УТЖУ_48.2) запущен ,порт COM30

*** [16/11/2021 09:27:02] опрос точки 330110( 17РП-6 ПС-ЯГП-7) завершился с кодом 1
		опрос 811100312 завершился успешно, всего неудач 0
		опрос 811080497 завершился успешно, всего неудач 0
		опрос 805090582 завершился успешно, всего неудач 0
		опрос 811081218 завершился успешно, всего неудач 0
		опрос 811080385 завершился успешно, всего неудач 0
		опрос 811080482 завершился успешно, всего неудач 0
		опрос 811100808 завершился успешно, всего неудач 0
		опрос 805090501 завершился успешно, всего неудач 0
		опрос 805091092 завершился успешно, всего неудач 0
		опрос 805091063 завершился успешно, всего неудач 0
		опрос 811080410 завершился успешно, всего неудач 0
		опрос 811100243 завершился успешно, всего неудач 0
		опрос 5319788 завершился успешно, всего неудач 0
		опрос 5319452 завершился успешно, всего неудач 0
		опрос 5319477 завершился успешно, всего неудач 0
		опрос 16946945 завершился успешно, всего неудач 0
		опрос 16945875 завершился успешно, всего неудач 0

*** точка опроса 330110 - след.опрос в "16/11/2021 15:01:10"

*** [16/11/2021 09:27:16] опрос точки 340116( УТЖУ_48.2) завершился с кодом 1
		опрос 21756874 завершился с ошибками, всего неудач 4

*** точка опроса 340116 - след.опрос в "16/11/2021 09:27:16"

*** [16/11/2021 09:27:16] опрос точки 340116 (УТЖУ_48.2) запущен ,порт COM26

*** [16/11/2021 09:27:38] опрос точки 330133( 16ТП-3) завершился с кодом 1
		опрос 36058481 завершился с ошибками, всего неудач 2

*** точка опроса 330133 - след.опрос в "16/11/2021 09:27:38"

*** [16/11/2021 09:27:38] опрос точки 330133 (16ТП-3) запущен ,порт COM29

*** [16/11/2021 09:28:12] опрос точки 340116( УТЖУ_48.2) завершился с кодом 1
		опрос 21756874 завершился с ошибками, всего неудач 5

*** точка опроса 340116 - след.опрос в "16/11/2021 09:28:12"

*** [16/11/2021 09:28:12] опрос точки 340116 (УТЖУ_48.2) запущен ,порт COM26

*** [16/11/2021 09:29:09] опрос точки 340116( УТЖУ_48.2) завершился с кодом 1
		опрос 21756874 завершился с ошибками, всего неудач 6

*** точка опроса 340116 - след.опрос в "16/11/2021 09:29:09"

*** [16/11/2021 09:29:09] опрос точки 340116 (УТЖУ_48.2) запущен ,порт COM26

*** [16/11/2021 09:29:39] опрос точки 330133( 16ТП-3) завершился с кодом 1
		опрос 36058481 завершился с ошибками, всего неудач 3

*** точка опроса 330133 - след.опрос в "16/11/2021 09:30:10"

*** [16/11/2021 09:30:03] опрос точки 340116( УТЖУ_48.2) завершился с кодом 1
		опрос 21756874 завершился с ошибками, всего неудач 7

*** точка опроса 340116 - след.опрос в "16/11/2021 12:00:10"

*** [16/11/2021 09:30:08] опрос точки 330112( 14РП-6 (ЯГП-4)) завершился с кодом 1
		опрос 6262593 завершился с ошибками, всего неудач 2
		опрос 6262767 завершился успешно, всего неудач 0
		опрос 805090509 завершился успешно, всего неудач 0
		опрос 805090436 завершился успешно, всего неудач 0
		опрос 16947054 завершился успешно, всего неудач 0
		опрос 16946658 завершился успешно, всего неудач 0

*** точка опроса 330112 - след.опрос в "16/11/2021 09:30:08"

*** [16/11/2021 09:30:08] опрос точки 330112 (14РП-6 (ЯГП-4)) запущен ,порт COM26

*** [16/11/2021 09:30:10] опрос точки 190101 (УКПГ-1) запущен ,порт TCP

*** [16/11/2021 09:30:10] опрос точки 190102 (УКПГ-1А (ОРЭМ-1 оч.)) запущен ,порт TCP

*** [16/11/2021 09:30:10] опрос точки 190103 (УКПГ-2 (ОРЭМ-1 оч.)) запущен ,порт TCP

*** [16/11/2021 09:30:10] опрос точки 190104 (УКПГ-3) запущен ,порт TCP

*** [16/11/2021 09:30:10] опрос точки 190105 (УКПГ-4) запущен ,порт TCP

*** [16/11/2021 09:30:10] опрос точки 190106 (УКПГ-5) запущен ,порт TCP

*** [16/11/2021 09:30:10] опрос точки 190107 (УКПГ-5В (ОРЭМ-2 оч.)) запущен ,порт TCP

*** [16/11/2021 09:30:10] опрос точки 190108 (УКПГ-6 ПС "Буран" (ОРЭМ-2 оч.)) запущен ,порт TCP

*** [16/11/2021 09:30:10] опрос точки 190109 (УКПГ-7) запущен ,порт TCP

*** [16/11/2021 09:30:10] опрос точки 190110 (УКПГ-8 (ОРЭМ-1 оч.)) запущен ,порт TCP

*** [16/11/2021 09:30:10] опрос точки 190111 (УКПГ-9 (ОРЭМ-2 оч.)) запущен ,порт TCP

*** [16/11/2021 09:30:10] опрос точки 190112 (УКПГ-10 (ОРЭМ-2 оч.)) запущен ,порт TCP

*** [16/11/2021 09:30:10] опрос точки 190113 (УКПГ-11 ПС "Оленья" (ОРЭМ-1 оч.)) запущен ,порт TCP

*** [16/11/2021 09:30:10] опрос точки 190114 (УКПГ-12 (ОРЭМ-2 оч.)) запущен ,порт TCP

*** [16/11/2021 09:30:10] опрос точки 190115 (УКПГ-13 (ОРЭМ-2 оч.)) запущен ,порт TCP

*** [16/11/2021 09:30:10] опрос точки 190116 (УКПГ-15 (ОРЭМ-2 оч.)) запущен ,порт TCP

*** [16/11/2021 09:30:10] опрос точки 190118 (Таб-Яха) запущен ,порт TCP

*** [16/11/2021 09:30:10] опрос точки 190119 (РП-25) запущен ,порт TCP

*** [16/11/2021 09:30:11] опрос точки 190120 (ПС "Песцовая" КРУН (ОРЭМ-2 оч.)) запущен ,порт TCP

*** [16/11/2021 09:30:11] опрос точки 260804 (КС "Ямбург-Тула") запущен ,порт TCP

*** [16/11/2021 09:30:11] опрос точки 260901 (КС "Пангодинская") запущен ,порт TCP

*** [16/11/2021 09:30:11] опрос точки 261101 (КС "Приозерная") запущен ,порт TCP

*** [16/11/2021 09:30:11] опрос точки 261401 (КС "Ныдинская") запущен ,порт TCP

*** [16/11/2021 09:30:11] опрос точки 261501 (КС "Правохеттинская") запущен ,порт TCP

*** [16/11/2021 09:30:11] опрос точки 261701 (КС "Надымская" КРУН "ЯРГЕО") запущен ,порт TCP

*** [16/11/2021 09:30:11] опрос точки 262401 (КС "Лонг-Юганская") запущен ,порт TCP

*** [16/11/2021 09:30:11] опрос точки 290200 (ЧНГКМ) запущен ,порт TCP

*** [16/11/2021 09:30:11] опрос точки 330134 (13ТП-3) запущен ,порт COM28

*** [16/11/2021 09:30:11] опрос точки 330136 (12ТП-3) запущен ,порт COM29

*** [16/11/2021 09:30:11] опрос точки 330357 (АУП (блок Б) Железнодорожная 8 от ТП-5А) запущен ,порт COM31

*** [16/11/2021 09:30:11] опрос точки 340207 (УКПГ-2В RTU-327) запущен ,порт TCP

*** [16/11/2021 09:30:11] опрос точки 357000 (пос. Заполярный) запущен ,порт TCP

*** [16/11/2021 09:30:11] опрос точки 357500 (пос. Лонгъюган) запущен ,порт TCP

*** [16/11/2021 09:30:11] опрос точки 260805 (ПС "Ямбург" 110/10/10 кВ.) запущен ,порт COM33

*** [16/11/2021 09:30:11] опрос точки 261001 (КС "Ягельная") запущен ,порт TCP

*** [16/11/2021 09:30:11] опрос точки 330137 (11ТП-3) запущен ,порт COM30

*** [16/11/2021 09:30:28] опрос точки 261701( КС "Надымская" КРУН "ЯРГЕО") завершился с кодом 1
		опрос 44 завершился успешно, всего неудач 0

*** точка опроса 261701 - след.опрос в "16/11/2021 10:00:10"

*** [16/11/2021 09:30:31] опрос точки 260901( КС "Пангодинская") завершился с кодом 1
		опрос 42 завершился успешно, всего неудач 0

*** точка опроса 260901 - след.опрос в "16/11/2021 10:00:10"

*** [16/11/2021 09:30:40] опрос точки 330106( 11РП-6 ПС-ЯГП-1) завершился с кодом 1
		опрос 807080368 завершился успешно, всего неудач 0
		опрос 811100357 завершился успешно, всего неудач 0
		опрос 807080282 завершился успешно, всего неудач 0
		опрос 805090534 завершился успешно, всего неудач 0
		опрос 811100773 завершился успешно, всего неудач 0
		опрос 807080382 завершился успешно, всего неудач 0
		опрос 811100257 завершился успешно, всего неудач 0
		опрос 805090418 завершился успешно, всего неудач 0
		опрос 805090391 завершился успешно, всего неудач 0
		опрос 4484907 завершился успешно, всего неудач 0
		опрос 4484661 завершился успешно, всего неудач 0
		опрос 16946657 завершился успешно, всего неудач 0
		опрос 16948245 завершился успешно, всего неудач 0
		опрос 805090526 завершился успешно, всего неудач 0
		опрос 807080501 завершился успешно, всего неудач 0
		опрос 811100208 завершился успешно, всего неудач 0
		опрос 805090435 завершился успешно, всего неудач 0
		опрос 811100215 завершился успешно, всего неудач 0
		опрос 805090574 завершился успешно, всего неудач 0
		опрос 805090504 завершился успешно, всего неудач 0
		опрос 811081177 завершился с ошибками, всего неудач 1
		опрос 805090581 завершился с ошибками, всего неудач 1

*** точка опроса 330106 - след.опрос в "16/11/2021 09:30:40"

*** [16/11/2021 09:30:40] опрос точки 330106 (11РП-6 ПС-ЯГП-1) запущен ,порт COM27

*** [16/11/2021 09:30:58] опрос точки 290200( ЧНГКМ) завершился с кодом 1
		опрос 76 завершился успешно, всего неудач 0

*** точка опроса 290200 - след.опрос в "16/11/2021 10:00:10"

*** [16/11/2021 09:31:19] опрос точки 190120( ПС "Песцовая" КРУН (ОРЭМ-2 оч.)) завершился с кодом 1
		опрос 19 завершился успешно, всего неудач 0

*** точка опроса 190120 - след.опрос в "16/11/2021 10:00:10"

*** [16/11/2021 09:31:40] опрос точки 357000( пос. Заполярный) завершился с кодом 1
		опрос 74 завершился успешно, всего неудач 0

*** точка опроса 357000 - след.опрос в "16/11/2021 10:00:10"

*** [16/11/2021 09:31:45] опрос точки 330357( АУП (блок Б) Железнодорожная 8 от ТП-5А) завершился с кодом 1
		опрос 36058382 завершился успешно, всего неудач 0

*** [16/11/2021 09:31:45] опрос точки 330355 (ПАЭС ЗРУ-6кВ яч.17 - ЛПУ ГДУ) запущен ,порт COM31

*** точка опроса 330357 - след.опрос в "16/11/2021 10:00:10"

*** [16/11/2021 09:31:46] опрос точки 261401( КС "Ныдинская") завершился с кодом 1
		опрос 45 завершился успешно, всего неудач 0

*** точка опроса 261401 - след.опрос в "16/11/2021 10:00:10"

*** [16/11/2021 09:31:58] опрос точки 190118( Таб-Яха) завершился с кодом 1
		опрос 12 завершился успешно, всего неудач 0

*** [16/11/2021 09:31:58] опрос точки 330134( 13ТП-3) завершился с кодом 1
		опрос 36058311 завершился успешно, всего неудач 0
		опрос 36058474 завершился успешно, всего неудач 0

*** [16/11/2021 09:31:58] опрос точки 330135 (15ТП-2) запущен ,порт COM28

*** точка опроса 190118 - след.опрос в "16/11/2021 10:00:10"

*** точка опроса 330134 - след.опрос в "16/11/2021 10:00:10"

*** [16/11/2021 09:32:06] опрос точки 330112( 14РП-6 (ЯГП-4)) завершился с кодом 1
		опрос 6262593 завершился с ошибками, всего неудач 3

*** [16/11/2021 09:32:06] опрос точки 330351 (52РП-6) запущен ,порт COM26

*** точка опроса 330112 - след.опрос в "16/11/2021 15:01:10"

*** [16/11/2021 09:32:24] опрос точки 190105( УКПГ-4) завершился с кодом 1
		опрос 4 завершился успешно, всего неудач 0

*** точка опроса 190105 - след.опрос в "16/11/2021 10:00:10"

*** [16/11/2021 09:32:27] опрос точки 261001( КС "Ягельная") завершился с кодом 1
		опрос 41 завершился с ошибками, всего неудач 1

*** точка опроса 261001 - след.опрос в "16/11/2021 09:32:27"

*** [16/11/2021 09:32:27] опрос точки 261001 (КС "Ягельная") запущен ,порт TCP

*** [16/11/2021 09:32:28] опрос точки 330137( 11ТП-3) завершился с кодом 1
		опрос 36058432 завершился успешно, всего неудач 0
		опрос 36058299 завершился успешно, всего неудач 0

*** [16/11/2021 09:32:28] опрос точки 330352 (51РП-6) запущен ,порт COM30

*** точка опроса 330137 - след.опрос в "16/11/2021 10:00:10"

*** [16/11/2021 09:32:31] опрос точки 357500( пос. Лонгъюган) завершился с кодом 1
		опрос 75 завершился успешно, всего неудач 0

*** точка опроса 357500 - след.опрос в "16/11/2021 10:00:10"

*** [16/11/2021 09:32:33] опрос точки 330136( 12ТП-3) завершился с кодом 1
		опрос 36058329 завершился успешно, всего неудач 0
		опрос 36058291 завершился успешно, всего неудач 0

*** [16/11/2021 09:32:33] опрос точки 330133 (16ТП-3) запущен ,порт COM29

*** точка опроса 330136 - след.опрос в "16/11/2021 10:00:10"

*** [16/11/2021 09:32:34] опрос точки 261501( КС "Правохеттинская") завершился с кодом 1
		опрос 46 завершился успешно, всего неудач 0

*** точка опроса 261501 - след.опрос в "16/11/2021 10:00:10"

*** [16/11/2021 09:32:37] опрос точки 190119( РП-25) завершился с кодом 1
		опрос 17 завершился успешно, всего неудач 0

*** точка опроса 190119 - след.опрос в "16/11/2021 10:00:10"

*** [16/11/2021 09:32:45] опрос точки 190112( УКПГ-10 (ОРЭМ-2 оч.)) завершился с кодом 1
		опрос 11 завершился успешно, всего неудач 0

*** точка опроса 190112 - след.опрос в "16/11/2021 10:00:10"

*** [16/11/2021 09:32:47] опрос точки 190109( УКПГ-7) завершился с кодом 1
		опрос 8 завершился успешно, всего неудач 0

*** точка опроса 190109 - след.опрос в "16/11/2021 10:00:10"

*** [16/11/2021 09:32:49] опрос точки 190106( УКПГ-5) завершился с кодом 1
		опрос 5 завершился успешно, всего неудач 0

*** точка опроса 190106 - след.опрос в "16/11/2021 10:00:10"

*** [16/11/2021 09:32:51] опрос точки 190101( УКПГ-1) завершился с кодом 1
		опрос 1 завершился успешно, всего неудач 0

*** [16/11/2021 09:32:51] опрос точки 190111( УКПГ-9 (ОРЭМ-2 оч.)) завершился с кодом 1
		опрос 10 завершился успешно, всего неудач 0

*** точка опроса 190101 - след.опрос в "16/11/2021 10:00:10"

*** точка опроса 190111 - след.опрос в "16/11/2021 10:00:10"

*** [16/11/2021 09:32:59] опрос точки 190104( УКПГ-3) завершился с кодом 1
		опрос 3 завершился успешно, всего неудач 0

*** [16/11/2021 09:32:59] опрос точки 330352( 51РП-6) завершился с кодом 1
		опрос 109 завершился с ошибками, всего неудач 1

*** точка опроса 190104 - след.опрос в "16/11/2021 10:00:10"

*** точка опроса 330352 - след.опрос в "16/11/2021 09:32:59"

*** [16/11/2021 09:32:59] опрос точки 330352 (51РП-6) запущен ,порт COM30

*** [16/11/2021 09:33:13] опрос точки 190110( УКПГ-8 (ОРЭМ-1 оч.)) завершился с кодом 1
		опрос 9 завершился успешно, всего неудач 0

*** точка опроса 190110 - след.опрос в "16/11/2021 10:00:10"

*** [16/11/2021 09:33:14] опрос точки 190107( УКПГ-5В (ОРЭМ-2 оч.)) завершился с кодом 1
		опрос 6 завершился успешно, всего неудач 0

*** точка опроса 190107 - след.опрос в "16/11/2021 10:00:10"

*** [16/11/2021 09:33:21] опрос точки 260801 (КС "Ямбург-Елец") запущен ,порт TCP

*** [16/11/2021 09:33:22] опрос точки 260804( КС "Ямбург-Тула") завершился с кодом 1
		опрос 23 завершился успешно, всего неудач 0

*** [16/11/2021 09:33:22] опрос точки 330355( ПАЭС ЗРУ-6кВ яч.17 - ЛПУ ГДУ) завершился с кодом 1
		опрос 37400402 завершился успешно, всего неудач 0

*** [16/11/2021 09:33:22] опрос точки 330356 (ПАЭС ЗРУ-6кВ яч.22 - ЛПУ ГДУ) запущен ,порт COM31

*** точка опроса 260804 - след.опрос в "16/11/2021 10:00:10"

*** точка опроса 330355 - след.опрос в "16/11/2021 10:00:10"

*** [16/11/2021 09:33:24] опрос точки 261101( КС "Приозерная") завершился с кодом 1
		опрос 43 завершился успешно, всего неудач 0

*** точка опроса 261101 - след.опрос в "16/11/2021 10:00:10"

*** [16/11/2021 09:33:28] опрос точки 190108( УКПГ-6 ПС "Буран" (ОРЭМ-2 оч.)) завершился с кодом 1
		опрос 7 завершился успешно, всего неудач 0

*** точка опроса 190108 - след.опрос в "16/11/2021 10:00:10"

*** [16/11/2021 09:33:40] опрос точки 330106( 11РП-6 ПС-ЯГП-1) завершился с кодом 1
		опрос 811081177 завершился успешно, всего неудач 0
		опрос 805090581 завершился успешно, всего неудач 0

*** точка опроса 330106 - след.опрос в "16/11/2021 15:01:10"

*** [16/11/2021 09:33:45] опрос точки 330135( 15ТП-2) завершился с кодом 1
		опрос 36058305 завершился успешно, всего неудач 0
		опрос 36058397 завершился успешно, всего неудач 0

*** точка опроса 330135 - след.опрос в "16/11/2021 10:00:10"

*** [16/11/2021 09:33:48] опрос точки 190115( УКПГ-13 (ОРЭМ-2 оч.)) завершился с кодом 1
		опрос 15 завершился успешно, всего неудач 0

*** точка опроса 190115 - след.опрос в "16/11/2021 10:00:10"

*** [16/11/2021 09:33:57] опрос точки 190103( УКПГ-2 (ОРЭМ-1 оч.)) завершился с кодом 1
		опрос 2 завершился успешно, всего неудач 0

*** точка опроса 190103 - след.опрос в "16/11/2021 10:00:10"

*** [16/11/2021 09:34:03] опрос точки 262401( КС "Лонг-Юганская") завершился с кодом 1
		опрос 73 завершился успешно, всего неудач 0

*** точка опроса 262401 - след.опрос в "16/11/2021 10:00:10"

*** [16/11/2021 09:34:08] опрос точки 190113( УКПГ-11 ПС "Оленья" (ОРЭМ-1 оч.)) завершился с кодом 1
		опрос 13 завершился успешно, всего неудач 0

*** точка опроса 190113 - след.опрос в "16/11/2021 10:00:10"

*** [16/11/2021 09:34:11] опрос точки 340207( УКПГ-2В RTU-327) завершился с кодом 1
		опрос 72 завершился успешно, всего неудач 0

*** точка опроса 340207 - след.опрос в "16/11/2021 10:00:10"

*** [16/11/2021 09:34:12] опрос точки 190114( УКПГ-12 (ОРЭМ-2 оч.)) завершился с кодом 1
		опрос 14 завершился успешно, всего неудач 0

*** точка опроса 190114 - след.опрос в "16/11/2021 10:00:10"

*** [16/11/2021 09:34:21] опрос точки 190102( УКПГ-1А (ОРЭМ-1 оч.)) завершился с кодом 1
		опрос 18 завершился успешно, всего неудач 0

*** [16/11/2021 09:34:21] опрос точки 190116( УКПГ-15 (ОРЭМ-2 оч.)) завершился с кодом 1
		опрос 16 завершился успешно, всего неудач 0

*** точка опроса 190102 - след.опрос в "16/11/2021 10:00:10"

*** точка опроса 190116 - след.опрос в "16/11/2021 10:00:10"

*** [16/11/2021 09:34:46] опрос точки 260805( ПС "Ямбург" 110/10/10 кВ.) завершился с кодом 1
		опрос 1199241 завершился успешно, всего неудач 0
		опрос 1199253 завершился успешно, всего неудач 0
		опрос 1199229 завершился успешно, всего неудач 0
		опрос 1199230 завершился успешно, всего неудач 0

*** точка опроса 260805 - след.опрос в "16/11/2021 10:00:10"

*** [16/11/2021 09:34:54] опрос точки 330356( ПАЭС ЗРУ-6кВ яч.22 - ЛПУ ГДУ) завершился с кодом 1
		опрос 27373045 завершился успешно, всего неудач 0

*** точка опроса 330356 - след.опрос в "16/11/2021 10:00:10"

*** [16/11/2021 09:35:16] опрос точки 330133( 16ТП-3) завершился с кодом 1
		опрос 36058481 завершился с ошибками, всего неудач 1
		опрос 36058421 завершился успешно, всего неудач 0

*** точка опроса 330133 - след.опрос в "16/11/2021 09:35:16"

*** [16/11/2021 09:35:16] опрос точки 330133 (16ТП-3) запущен ,порт COM27

*** [16/11/2021 09:35:19] опрос точки 330351( 52РП-6) завершился с кодом 1
		опрос 108 завершился успешно, всего неудач 0

*** точка опроса 330351 - след.опрос в "16/11/2021 10:00:10"

*** [16/11/2021 09:35:54] опрос точки 261001( КС "Ягельная") завершился с кодом 1
		опрос 41 завершился с ошибками, всего неудач 2

*** точка опроса 261001 - след.опрос в "16/11/2021 09:35:54"

*** [16/11/2021 09:35:54] опрос точки 261001 (КС "Ягельная") запущен ,порт TCP

*** [16/11/2021 09:36:21] опрос точки 330352( 51РП-6) завершился с кодом 1
		опрос 109 завершился успешно, всего неудач 0

*** точка опроса 330352 - след.опрос в "16/11/2021 10:00:10"

*** [16/11/2021 09:36:32] опрос точки 260801( КС "Ямбург-Елец") завершился с кодом 1
		опрос 36 завершился успешно, всего неудач 0

*** точка опроса 260801 - след.опрос в "16/11/2021 10:03:20"

*** [16/11/2021 09:37:04] опрос точки 330133( 16ТП-3) завершился с кодом 1
		опрос 36058481 завершился с ошибками, всего неудач 2

*** точка опроса 330133 - след.опрос в "16/11/2021 09:37:04"

*** [16/11/2021 09:37:04] опрос точки 330133 (16ТП-3) запущен ,порт COM26

*** [16/11/2021 09:38:10] опрос точки 261001( КС "Ягельная") завершился с кодом 1
		опрос 41 завершился с ошибками, всего неудач 3

*** точка опроса 261001 - след.опрос в "16/11/2021 10:00:10"

*** [16/11/2021 09:38:46] опрос точки 330133( 16ТП-3) завершился с кодом 1
		опрос 36058481 завершился с ошибками, всего неудач 3

*** точка опроса 330133 - след.опрос в "16/11/2021 10:00:10"
